2020.12.11 14:41:55 INFO  Started: Metals version 0.9.7 in workspace '/home/jerry/demo' for client vscode.
2020.12.11 14:41:57 INFO  time: initialize in 2.43s
2020.12.11 14:41:59 WARN  Build server is not auto-connectable.
Dec 11, 2020 2:42:04 PM org.eclipse.lsp4j.jsonrpc.services.GenericEndpoint notify
INFO: Unsupported notification method: $/setTraceNotification
2020.12.11 14:42:23 WARN  no build target for: /home/jerry/demo/practice.scala
2020.12.11 14:42:27 INFO  no build target: using presentation compiler with only scala-library
Dec 11, 2020 2:42:27 PM org.eclipse.lsp4j.jsonrpc.RemoteEndpoint handleCancellation
WARNING: Unmatched cancel notification for request id 2
Dec 11, 2020 2:42:27 PM org.eclipse.lsp4j.jsonrpc.RemoteEndpoint handleCancellation
WARNING: Unmatched cancel notification for request id 7
Dec 11, 2020 2:42:27 PM org.eclipse.lsp4j.jsonrpc.RemoteEndpoint handleCancellation
WARNING: Unmatched cancel notification for request id 8
2020.12.11 14:42:30 WARN  no build target for: /home/jerry/demo/practice.scala
2020.12.11 14:42:50 WARN  no build target for: /home/jerry/demo/practice.scala
2020.12.11 14:42:56 WARN  no build target for: /home/jerry/demo/practice.scala
2020.12.11 14:42:57 WARN  no build target for: /home/jerry/demo/practice.scala
Dec 11, 2020 2:43:29 PM org.eclipse.lsp4j.jsonrpc.services.GenericEndpoint notify
INFO: Unsupported notification method: $/setTraceNotification
2020.12.11 14:45:53 INFO  shutting down Metals
2020.12.11 14:49:52 INFO  Started: Metals version 0.9.7 in workspace '/home/jerry/demo' for client vscode.
2020.12.11 14:49:55 INFO  time: initialize in 2.47s
2020.12.11 14:49:56 WARN  Build server is not auto-connectable.
2020.12.11 14:49:56 WARN  no build tool detected in workspace '/home/jerry/demo'. The most common cause for this problem is that the editor was opened in the wrong working directory, for example if you use sbt then the workspace directory should contain build.sbt. 
2020.12.11 14:49:56 WARN  no build target for: /home/jerry/demo/practice.scala
2020.12.11 14:50:01 INFO  no build target: using presentation compiler with only scala-library
2020.12.11 14:50:23 WARN  no build target for: /home/jerry/demo/build.sbt
2020.12.11 14:50:28 INFO  running '/usr/lib/jvm/java-11-openjdk-amd64/bin/java -Djline.terminal=jline.UnsupportedTerminal -Dsbt.log.noformat=true -Dfile.encoding=UTF-8 -Dsbt.version=1.4.2 -jar /tmp/metals10948516770276136928/sbt-launch.jar -Dbloop.export-jar-classifiers=sources bloopInstall'
2020.12.11 14:50:28 WARN  no build target for: /home/jerry/demo/project/metals.sbt
2020.12.11 14:50:28 WARN  no build target for: /home/jerry/demo/project/project/metals.sbt
2020.12.11 14:50:33 INFO  [info] Updated file /home/jerry/demo/project/build.properties: set sbt.version to 1.4.2
2020.12.11 14:50:33 INFO  [info] welcome to sbt 1.4.2 (Ubuntu Java 11.0.9.1)
2020.12.11 14:50:38 INFO  [info] loading settings for project demo-build-build from metals.sbt ...
2020.12.11 14:50:39 INFO  [info] loading project definition from /home/jerry/demo/project/project
2020.12.11 14:50:47 INFO  [info] loading settings for project demo-build from metals.sbt ...
2020.12.11 14:50:47 INFO  [info] loading project definition from /home/jerry/demo/project
2020.12.11 14:50:51 INFO  [success] Generated .bloop/demo-build.json
2020.12.11 14:50:51 INFO  [success] Total time: 3 s, completed Dec 11, 2020, 2:50:51 PM
2020.12.11 14:50:51 INFO  [info] loading settings for project demo from build.sbt ...
2020.12.11 14:50:51 INFO  [info] set current project to demo (in build file:/home/jerry/demo/)
2020.12.11 14:50:53 INFO  [success] Generated .bloop/demo.json
2020.12.11 14:50:53 INFO  [success] Generated .bloop/demo-test.json
2020.12.11 14:50:53 INFO  [success] Total time: 1 s, completed Dec 11, 2020, 2:50:53 PM
2020.12.11 14:50:53 INFO  sbt bloopInstall exit: 0
2020.12.11 14:50:53 INFO  time: ran 'sbt bloopInstall' in 25s
2020.12.11 14:50:53 INFO  Attempting to connect to the build server...
Starting the bsp launcher for bloop...
Opening a bsp server connection with 'bsp --protocol local --socket /tmp/bsp-launcher14597653751475120478/bsp.socket'...
Waiting for the bsp connection to come up...
Waiting for the bsp connection to come up...
Waiting for the bsp connection to come up...
Waiting for the bsp connection to come up...
Waiting for the bsp connection to come up...
Waiting for the bsp connection to come up...
Waiting for the bsp connection to come up...
No server running at 127.0.0.1:8212, let's fire one...
Resolving ch.epfl.scala:bloop-frontend_2.12:1.4.5-6-4768184c...
Starting bloop server at 127.0.0.1:8212...
Attempting a connection to the server...
Attempting a connection to the server...
Attempting a connection to the server...
Attempting a connection to the server...
Attempting a connection to the server...
[0m[32m[D][0m Loading 2 projects from '/home/jerry/demo/.bloop'...
[0m[32m[D][0m Loading project from '/home/jerry/demo/.bloop/demo.json'
[0m[32m[D][0m Loading project from '/home/jerry/demo/.bloop/demo-test.json'
[0m[32m[D][0m Cache miss for scala instance org.scala-lang:scala-compiler:2.12.12.
[0m[32m[D][0m   => /home/jerry/.sbt/boot/scala-2.12.12/lib/jansi.jar
[0m[32m[D][0m   => /home/jerry/.sbt/boot/scala-2.12.12/lib/jline.jar
[0m[32m[D][0m   => /home/jerry/.sbt/boot/scala-2.12.12/lib/scala-compiler.jar
[0m[32m[D][0m   => /home/jerry/.sbt/boot/scala-2.12.12/lib/scala-library.jar
[0m[32m[D][0m   => /home/jerry/.sbt/boot/scala-2.12.12/lib/scala-reflect.jar
[0m[32m[D][0m   => /home/jerry/.sbt/boot/scala-2.12.12/lib/scala-xml_2.12.jar
[0m[32m[D][0m Missing analysis file for project 'demo'
[0m[32m[D][0m Missing analysis file for project 'demo-test'
[0m[32m[D][0m Waiting for a connection at local:///tmp/bsp-launcher14597653751475120478/bsp.socket...
The server is listening for incoming connections at local:///tmp/bsp-launcher14597653751475120478/bsp.socket...
Starting thread that pumps stdin and redirects it to the bsp server...
Starting thread that pumps server stdout and redirects it to the client stdout...
2020.12.11 14:51:00 INFO  tracing is disabled for protocol BSP, to enable tracing of incoming and outgoing JSON messages create an empty file at /home/jerry/.cache/metals/bsp.trace.json
2020.12.11 14:51:00 INFO  Attempting to connect to the build server...
Starting the bsp launcher for bloop...
Opening a bsp server connection with 'bsp --protocol local --socket /tmp/bsp-launcher16730992952563013222/bsp.socket'...
Waiting for the bsp connection to come up...
[0m[32m[D][0m Loading workspace settings from bloop.settings.json
[0m[32m[D][0m Waiting for a connection at local:///tmp/bsp-launcher16730992952563013222/bsp.socket...
The server is listening for incoming connections at local:///tmp/bsp-launcher16730992952563013222/bsp.socket...
Starting thread that pumps stdin and redirects it to the bsp server...
Starting thread that pumps server stdout and redirects it to the client stdout...
2020.12.11 14:51:00 INFO  tracing is disabled for protocol BSP, to enable tracing of incoming and outgoing JSON messages create an empty file at /home/jerry/.cache/metals/bsp.trace.json
2020.12.11 14:51:00 INFO  time: connected to build server in 7.08s
2020.12.11 14:51:00 INFO  Connected to Build server v1.4.5-6-4768184c
2020.12.11 14:51:01 INFO  time: imported build in 0.19s
2020.12.11 14:51:03 WARN  Could not find java sources in None. Java symbols will not be available.
2020.12.11 14:51:05 INFO  time: indexed workspace in 4.5s
2020.12.11 14:51:08 INFO  skipping build import with status 'Installed'
2020.12.11 14:51:09 INFO  compiling demo (1 scala source)
2020.12.11 14:51:34 INFO  compiling demo-test (1 scala source)
2020.12.11 14:51:34 INFO  time: compiled demo in 24s
2020.12.11 14:51:34 INFO  time: compiled demo-test in 0.48s
2020.12.11 14:56:11 INFO  compiling demo-build (1 scala source)
2020.12.11 14:56:12 INFO  time: compiled demo-build in 1.4s
2020.12.11 14:59:13 INFO  skipping build import with status 'Installed'
2020.12.11 14:59:13 INFO  skipping build import with status 'Installed'
2020.12.11 15:02:19 INFO  compiling demo (1 scala source)
2020.12.11 15:02:20 INFO  compiling demo-test (1 scala source)
2020.12.11 15:02:20 INFO  time: compiled demo in 1.13s
2020.12.11 15:02:20 INFO  time: compiled demo-test in 0.49s
2020.12.11 15:02:29 INFO  skipping build import with status 'Installed'
2020.12.11 15:02:31 INFO  skipping build import with status 'Installed'
2020.12.11 15:02:33 INFO  skipping build import with status 'Installed'
2020.12.11 15:02:34 INFO  skipping build import with status 'Installed'
2020.12.11 15:02:50 INFO  skipping build import with status 'Installed'
2020.12.11 15:02:56 INFO  skipping build import with status 'Installed'
2020.12.11 15:02:58 INFO  skipping build import with status 'Installed'
2020.12.11 15:03:06 INFO  skipping build import with status 'Installed'
2020.12.11 15:03:08 INFO  skipping build import with status 'Installed'
2020.12.11 15:03:09 INFO  skipping build import with status 'Installed'
2020.12.11 15:03:16 INFO  skipping build import with status 'Installed'
2020.12.11 15:03:18 INFO  skipping build import with status 'Installed'
2020.12.11 15:03:20 INFO  skipping build import with status 'Installed'
2020.12.11 15:03:23 INFO  skipping build import with status 'Installed'
2020.12.11 15:03:28 INFO  skipping build import with status 'Installed'
2020.12.11 15:03:33 INFO  skipping build import with status 'Installed'
2020.12.11 15:03:35 INFO  skipping build import with status 'Installed'
2020.12.11 15:03:37 INFO  skipping build import with status 'Installed'
2020.12.11 15:03:38 INFO  skipping build import with status 'Installed'
2020.12.11 15:03:42 INFO  skipping build import with status 'Installed'
2020.12.11 15:03:43 INFO  skipping build import with status 'Installed'
2020.12.11 15:03:44 INFO  skipping build import with status 'Installed'
2020.12.11 15:03:46 INFO  skipping build import with status 'Installed'
2020.12.11 15:03:50 INFO  skipping build import with status 'Installed'
2020.12.11 15:03:54 INFO  skipping build import with status 'Installed'
2020.12.11 15:03:57 INFO  skipping build import with status 'Installed'
2020.12.11 15:03:58 INFO  skipping build import with status 'Installed'
2020.12.11 15:04:25 INFO  skipping build import with status 'Installed'
2020.12.11 15:04:35 INFO  skipping build import with status 'Installed'
2020.12.11 15:04:37 INFO  skipping build import with status 'Installed'
2020.12.11 15:04:58 INFO  skipping build import with status 'Installed'
2020.12.11 15:05:02 INFO  skipping build import with status 'Installed'
Dec 11, 2020 3:05:09 PM org.eclipse.lsp4j.jsonrpc.RemoteEndpoint handleCancellation
WARNING: Unmatched cancel notification for request id 393
2020.12.11 15:05:09 INFO  skipping build import with status 'Installed'
2020.12.11 15:14:57 INFO  skipping build import with status 'Installed'
2020.12.11 15:15:00 INFO  skipping build import with status 'Installed'
2020.12.11 15:15:02 INFO  skipping build import with status 'Installed'
2020.12.11 15:15:05 INFO  skipping build import with status 'Installed'
2020.12.11 15:15:07 INFO  skipping build import with status 'Installed'
2020.12.11 15:15:12 INFO  skipping build import with status 'Installed'
2020.12.11 15:15:13 INFO  skipping build import with status 'Installed'
2020.12.11 15:15:20 INFO  skipping build import with status 'Installed'
2020.12.11 15:15:22 INFO  skipping build import with status 'Installed'
2020.12.11 15:15:24 INFO  skipping build import with status 'Installed'
2020.12.11 15:15:29 INFO  skipping build import with status 'Installed'
2020.12.11 15:15:32 INFO  skipping build import with status 'Installed'
2020.12.11 15:15:41 INFO  skipping build import with status 'Installed'
2020.12.11 15:15:43 INFO  skipping build import with status 'Installed'
2020.12.11 15:15:45 INFO  skipping build import with status 'Installed'
2020.12.11 15:15:46 INFO  skipping build import with status 'Installed'
2020.12.11 15:15:50 INFO  skipping build import with status 'Installed'
2020.12.11 15:15:52 INFO  skipping build import with status 'Installed'
2020.12.11 15:15:54 INFO  skipping build import with status 'Installed'
2020.12.11 15:16:03 INFO  skipping build import with status 'Installed'
2020.12.11 15:16:05 INFO  skipping build import with status 'Installed'
2020.12.11 15:16:07 INFO  skipping build import with status 'Installed'
2020.12.11 15:16:09 INFO  skipping build import with status 'Installed'
Dec 11, 2020 3:16:13 PM org.eclipse.lsp4j.jsonrpc.RemoteEndpoint handleCancellation
WARNING: Unmatched cancel notification for request id 676
Dec 11, 2020 3:16:13 PM org.eclipse.lsp4j.jsonrpc.RemoteEndpoint handleCancellation
WARNING: Unmatched cancel notification for request id 677
2020.12.11 15:16:15 INFO  skipping build import with status 'Installed'
2020.12.11 15:16:18 INFO  skipping build import with status 'Installed'
2020.12.11 15:16:20 INFO  skipping build import with status 'Installed'
2020.12.11 15:16:21 INFO  skipping build import with status 'Installed'
2020.12.11 15:16:23 INFO  skipping build import with status 'Installed'
2020.12.11 15:16:29 INFO  skipping build import with status 'Installed'
2020.12.11 15:16:31 INFO  skipping build import with status 'Installed'
2020.12.11 15:16:32 INFO  skipping build import with status 'Installed'
2020.12.11 15:17:17 INFO  skipping build import with status 'Installed'
2020.12.11 15:17:20 INFO  skipping build import with status 'Installed'
2020.12.11 15:17:24 INFO  skipping build import with status 'Installed'
2020.12.11 15:17:25 INFO  skipping build import with status 'Installed'
2020.12.11 15:17:55 INFO  skipping build import with status 'Installed'
2020.12.11 15:17:59 INFO  skipping build import with status 'Installed'
2020.12.11 15:18:59 INFO  skipping build import with status 'Installed'
2020.12.11 15:19:06 INFO  skipping build import with status 'Installed'
2020.12.11 15:19:07 INFO  skipping build import with status 'Installed'
2020.12.11 15:19:10 INFO  skipping build import with status 'Installed'
2020.12.11 15:19:12 INFO  skipping build import with status 'Installed'
2020.12.11 15:19:15 INFO  skipping build import with status 'Installed'
2020.12.11 15:19:16 INFO  skipping build import with status 'Installed'
2020.12.11 15:19:20 INFO  skipping build import with status 'Installed'
2020.12.11 15:19:55 INFO  skipping build import with status 'Installed'
2020.12.11 15:19:58 INFO  skipping build import with status 'Installed'
2020.12.11 15:19:59 INFO  skipping build import with status 'Installed'
2020.12.11 15:20:00 INFO  skipping build import with status 'Installed'
2020.12.11 15:20:01 INFO  skipping build import with status 'Installed'
2020.12.11 15:20:48 INFO  skipping build import with status 'Installed'
2020.12.11 15:21:18 INFO  skipping build import with status 'Installed'
